<?xml version="1.0" encoding="UTF-8"?>
<!-- Generated by org.testng.reporters.JUnitXMLReporter -->
<testsuite ignored="1" hostname="Kiran" failures="0" tests="3" name="My Test" time="23.484" errors="0" timestamp="2024-06-28T11:37:04 IST">
  <testcase classname="Testng.D02MultipleTests" name="openMeesho" time="8.129"/>
  <testcase classname="Testng.D02MultipleTests" name="openMyntra" time="8.596"/>
  <testcase classname="Testng.D02MultipleTests" name="openFlipkart" time="6.653"/>
  <testcase classname="Testng.D02MultipleTests" name="openDecathlon" time="0.0">
    <ignored/>
  </testcase> <!-- openDecathlon -->
</testsuite> <!-- My Test -->
