<?xml version="1.0" encoding="UTF-8"?>
<!-- Generated by org.testng.reporters.JUnitXMLReporter -->
<testsuite ignored="0" hostname="Kiran" failures="0" tests="4" name="Default test" time="28.28" errors="0" timestamp="2024-06-27T18:11:31 IST">
  <testcase classname="Excellsheet.D14LoginToOHRM_DDF" name="loginToOHRM" time="3.525"/>
  <testcase classname="Excellsheet.D14LoginToOHRM_DDF" name="loginToOHRM" time="1.709"/>
  <testcase classname="Excellsheet.D14LoginToOHRM_DDF" name="loginToOHRM" time="2.361"/>
  <testcase classname="Excellsheet.D14LoginToOHRM_DDF" name="loginToOHRM" time="2.354"/>
</testsuite> <!-- Default test -->
