<?xml version="1.0" encoding="UTF-8"?>
<testng-results ignored="1" total="4" passed="3" failed="0" skipped="0">
  <reporter-output>
  </reporter-output>
  <suite started-at="2024-06-28T11:36:41 IST" name="Dhana Suite" finished-at="2024-06-28T11:37:04 IST" duration-ms="23484">
    <groups>
    </groups>
    <test started-at="2024-06-28T11:36:41 IST" name="My Test" finished-at="2024-06-28T11:37:04 IST" duration-ms="23484">
      <class name="Testng.D02MultipleTests">
        <test-method signature="openMeesho()[pri:1, instance:Testng.D02MultipleTests@1dfd5f51]" started-at="2024-06-28T11:36:41 IST" name="openMeesho" finished-at="2024-06-28T11:36:49 IST" duration-ms="8129" status="PASS">
          <reporter-output>
          </reporter-output>
        </test-method> <!-- openMeesho -->
        <test-method signature="openMyntra()[pri:2, instance:Testng.D02MultipleTests@1dfd5f51]" started-at="2024-06-28T11:36:49 IST" name="openMyntra" finished-at="2024-06-28T11:36:58 IST" duration-ms="8596" status="PASS">
          <reporter-output>
          </reporter-output>
        </test-method> <!-- openMyntra -->
        <test-method signature="openFlipkart()[pri:3, instance:Testng.D02MultipleTests@1dfd5f51]" started-at="2024-06-28T11:36:58 IST" name="openFlipkart" finished-at="2024-06-28T11:37:04 IST" duration-ms="6653" status="PASS">
          <reporter-output>
          </reporter-output>
        </test-method> <!-- openFlipkart -->
      </class> <!-- Testng.D02MultipleTests -->
    </test> <!-- My Test -->
  </suite> <!-- Dhana Suite -->
</testng-results>
